TN:
SF:src/components/admin/hooks/useAdminAuth.ts
FN:6,useAdminAuth
FN:13,(anonymous_1)
FN:14,(anonymous_2)
FN:15,(anonymous_3)
FN:43,(anonymous_4)
FN:46,(anonymous_5)
FN:59,(anonymous_6)
FNF:7
FNH:7
FNDA:10,useAdminAuth
FNDA:10,(anonymous_1)
FNDA:3,(anonymous_2)
FNDA:3,(anonymous_3)
FNDA:10,(anonymous_4)
FNDA:1,(anonymous_5)
FNDA:1,(anonymous_6)
DA:7,10
DA:8,10
DA:9,10
DA:10,10
DA:11,10
DA:13,10
DA:14,10
DA:15,3
DA:16,3
DA:17,3
DA:18,2
DA:20,2
DA:21,2
DA:22,2
DA:24,2
DA:25,1
DA:27,1
DA:30,0
DA:31,0
DA:32,0
DA:35,1
DA:36,1
DA:38,3
DA:40,3
DA:43,10
DA:46,10
DA:47,1
DA:48,1
DA:49,1
DA:50,1
DA:51,1
DA:53,0
DA:54,0
DA:55,0
DA:59,10
DA:60,1
DA:61,1
DA:62,1
DA:64,0
DA:66,1
DA:70,10
LF:41
LH:34
BRDA:17,0,0,2
BRDA:17,0,1,1
BRDA:24,1,0,1
BRDA:24,1,1,1
BRF:4
BRH:4
end_of_record
TN:
SF:src/components/admin/hooks/useAuditLogs.ts
FN:29,useAuditLogs
FN:30,(anonymous_1)
FN:39,(anonymous_2)
FN:41,(anonymous_3)
FNF:4
FNH:4
FNDA:4,useAuditLogs
FNDA:4,(anonymous_1)
FNDA:4,(anonymous_2)
FNDA:1,(anonymous_3)
DA:30,4
DA:31,4
DA:34,4
DA:39,4
DA:40,4
DA:41,1
DA:42,1
DA:45,1
DA:46,1
DA:52,1
DA:53,0
DA:54,0
DA:56,0
DA:59,1
DA:74,4
LF:15
LH:12
BRDA:40,0,0,3
BRDA:40,0,1,1
BRDA:46,1,0,1
BRDA:46,1,1,0
BRDA:47,2,0,1
BRDA:47,2,1,1
BRDA:47,2,2,1
BRDA:47,2,3,1
BRDA:53,3,0,0
BRDA:53,3,1,0
BRDA:68,4,0,1
BRDA:68,4,1,0
BRDA:69,5,0,1
BRDA:69,5,1,0
BRDA:77,6,0,1
BRDA:77,6,1,3
BRF:16
BRH:11
end_of_record
TN:
SF:src/components/layout/CookieBanner.tsx
FN:7,CookieBanner
FN:9,(anonymous_1)
FN:13,(anonymous_2)
FN:18,(anonymous_3)
FN:20,(anonymous_4)
FN:23,(anonymous_5)
FN:29,(anonymous_6)
FNF:7
FNH:6
FNDA:6,CookieBanner
FNDA:4,(anonymous_1)
FNDA:4,(anonymous_2)
FNDA:0,(anonymous_3)
FNDA:4,(anonymous_4)
FNDA:1,(anonymous_5)
FNDA:1,(anonymous_6)
DA:8,6
DA:9,6
DA:10,4
DA:13,6
DA:14,4
DA:15,1
DA:18,4
DA:19,4
DA:20,4
DA:23,6
DA:24,1
DA:25,1
DA:26,1
DA:29,6
DA:30,1
DA:31,1
DA:32,1
DA:35,6
LF:18
LH:18
BRDA:10,0,0,4
BRDA:10,0,1,4
BRDA:14,1,0,1
BRDA:14,1,1,3
BRDA:14,2,0,4
BRDA:14,2,1,4
BRDA:37,3,0,6
BRDA:37,3,1,3
BRF:8
BRH:8
end_of_record
TN:
SF:src/lib/firebase/analytics.ts
FN:6,(anonymous_0)
FN:17,(anonymous_1)
FN:24,(anonymous_2)
FN:30,(anonymous_3)
FN:34,(anonymous_4)
FN:38,(anonymous_5)
FN:42,(anonymous_6)
FN:46,(anonymous_7)
FN:50,(anonymous_8)
FNF:9
FNH:9
FNDA:8,(anonymous_0)
FNDA:1,(anonymous_1)
FNDA:6,(anonymous_2)
FNDA:1,(anonymous_3)
FNDA:1,(anonymous_4)
FNDA:1,(anonymous_5)
FNDA:1,(anonymous_6)
FNDA:1,(anonymous_7)
FNDA:8,(anonymous_8)
DA:4,1
DA:6,1
DA:7,8
DA:8,8
DA:9,8
DA:10,8
DA:12,0
DA:17,1
DA:18,1
DA:19,1
DA:20,1
DA:24,1
DA:25,6
DA:26,6
DA:30,1
DA:31,1
DA:34,1
DA:35,1
DA:38,1
DA:39,1
DA:42,1
DA:43,1
DA:46,1
DA:47,1
DA:50,1
DA:51,8
DA:52,8
LF:27
LH:26
BRDA:7,0,0,8
BRDA:7,0,1,0
BRDA:7,1,0,8
BRDA:7,1,1,8
BRDA:18,2,0,1
BRDA:18,2,1,0
BRDA:25,3,0,6
BRDA:25,3,1,0
BRDA:51,4,0,8
BRDA:51,4,1,0
BRF:10
BRH:6
end_of_record
TN:
SF:src/lib/schemas/bookingSchema.ts
FNF:0
FNH:0
DA:3,1
DA:33,1
LF:2
LH:2
BRF:0
BRH:0
end_of_record
TN:
SF:src/lib/utils/quotePricing.ts
FN:33,roundToNearest5
FN:37,calculateQuote
FNF:2
FNH:2
FNDA:26,roundToNearest5
FNDA:14,calculateQuote
DA:7,1
DA:14,1
DA:22,1
DA:34,26
DA:42,14
DA:43,13
DA:44,13
DA:45,13
LF:8
LH:8
BRDA:42,0,0,1
BRDA:42,0,1,13
BRF:2
BRH:2
end_of_record
TN:
SF:src/lib/utils/utils.ts
FN:3,(anonymous_0)
FNF:1
FNH:1
FNDA:6,(anonymous_0)
DA:3,6
LF:1
LH:1
BRF:0
BRH:0
end_of_record
