TN:
SF:src/context/StaffAuthContext.tsx
FN:29,(anonymous_0)
FN:35,(anonymous_1)
FN:36,(anonymous_2)
FN:63,(anonymous_3)
FN:66,(anonymous_4)
FN:72,(anonymous_5)
FN:93,(anonymous_6)
FN:120,(anonymous_7)
FN:148,(anonymous_8)
FN:178,(anonymous_9)
FNF:10
FNH:10
FNDA:26,(anonymous_0)
FNDA:9,(anonymous_1)
FNDA:12,(anonymous_2)
FNDA:9,(anonymous_3)
FNDA:5,(anonymous_4)
FNDA:2,(anonymous_5)
FNDA:2,(anonymous_6)
FNDA:1,(anonymous_7)
FNDA:1,(anonymous_8)
FNDA:24,(anonymous_9)
DA:27,2
DA:29,2
DA:30,26
DA:31,26
DA:32,26
DA:33,26
DA:35,26
DA:36,9
DA:37,12
DA:38,12
DA:39,12
DA:40,12
DA:41,2
DA:42,2
DA:43,2
DA:44,1
DA:46,1
DA:48,1
DA:49,1
DA:52,0
DA:53,0
DA:54,0
DA:55,0
DA:58,10
DA:60,12
DA:63,9
DA:66,26
DA:67,5
DA:68,5
DA:69,5
DA:72,26
DA:73,2
DA:74,2
DA:75,2
DA:76,2
DA:77,2
DA:78,1
DA:79,1
DA:80,1
DA:82,1
DA:84,1
DA:85,1
DA:86,0
DA:88,1
DA:89,1
DA:93,26
DA:94,2
DA:95,2
DA:96,2
DA:97,2
DA:98,2
DA:99,1
DA:100,1
DA:101,1
DA:103,1
DA:107,1
DA:108,1
DA:109,1
DA:111,1
DA:112,1
DA:113,0
DA:115,1
DA:116,1
DA:120,26
DA:121,1
DA:122,1
DA:123,1
DA:124,1
DA:125,1
DA:126,1
DA:127,0
DA:129,1
DA:130,0
DA:132,1
DA:133,1
DA:134,0
DA:135,0
DA:136,0
DA:138,1
DA:139,1
DA:141,0
DA:142,0
DA:143,0
DA:148,26
DA:149,1
DA:150,1
DA:151,1
DA:153,0
DA:155,1
DA:159,26
DA:178,2
DA:179,24
DA:180,24
DA:181,0
DA:183,24
LF:95
LH:79
BRDA:40,0,0,2
BRDA:40,0,1,10
BRDA:43,1,0,1
BRDA:43,1,1,1
BRDA:77,2,0,1
BRDA:77,2,1,1
BRDA:85,3,0,0
BRDA:85,3,1,1
BRDA:98,4,0,1
BRDA:98,4,1,1
BRDA:112,5,0,0
BRDA:112,5,1,1
BRDA:121,6,0,1
BRDA:121,6,1,0
BRDA:126,7,0,0
BRDA:126,7,1,1
BRDA:129,8,0,0
BRDA:129,8,1,1
BRDA:133,9,0,0
BRDA:133,9,1,1
BRDA:180,10,0,0
BRDA:180,10,1,24
BRF:22
BRH:15
end_of_record
TN:
SF:src/hooks/useStaffAuth.ts
FN:3,useStaffAuth
FNF:1
FNH:1
FNDA:24,useStaffAuth
DA:4,24
LF:1
LH:1
BRF:0
BRH:0
end_of_record
TN:
SF:src/lib/firebase/firebase.ts
FNF:0
FNH:0
DA:6,2
DA:17,2
DA:18,2
DA:22,2
DA:23,2
LF:5
LH:5
BRDA:17,0,0,2
BRDA:17,0,1,0
BRF:2
BRH:1
end_of_record
TN:
SF:src/pages/LoginPage.tsx
FN:6,LoginPage
FN:27,(anonymous_1)
FN:28,(anonymous_2)
FN:44,(anonymous_3)
FN:50,(anonymous_4)
FN:64,(anonymous_5)
FN:82,(anonymous_6)
FN:92,(anonymous_7)
FN:96,(anonymous_8)
FN:141,(anonymous_9)
FN:156,(anonymous_10)
FNF:11
FNH:11
FNDA:16,LoginPage
FNDA:7,(anonymous_1)
FNDA:7,(anonymous_2)
FNDA:7,(anonymous_3)
FNDA:1,(anonymous_4)
FNDA:1,(anonymous_5)
FNDA:1,(anonymous_6)
FNDA:32,(anonymous_7)
FNDA:1,(anonymous_8)
FNDA:2,(anonymous_9)
FNDA:1,(anonymous_10)
DA:7,16
DA:15,16
DA:18,16
DA:21,16
DA:22,16
DA:23,16
DA:24,16
DA:27,16
DA:28,7
DA:29,7
DA:30,1
DA:31,1
DA:32,1
DA:36,1
DA:40,7
DA:44,16
DA:45,7
DA:46,1
DA:50,16
DA:51,1
DA:52,1
DA:53,1
DA:54,1
DA:55,1
DA:56,1
DA:60,1
DA:64,16
DA:65,1
DA:66,0
DA:67,0
DA:69,1
DA:70,1
DA:71,1
DA:72,1
DA:73,1
DA:74,1
DA:78,1
DA:82,16
DA:83,1
DA:86,16
DA:93,32
DA:96,1
DA:141,2
DA:156,1
LF:44
LH:42
BRDA:29,0,0,1
BRDA:29,0,1,6
BRDA:45,1,0,1
BRDA:45,1,1,6
BRDA:52,2,0,0
BRDA:52,2,1,1
BRDA:52,3,0,1
BRDA:52,3,1,1
BRDA:65,4,0,0
BRDA:65,4,1,1
BRDA:98,5,0,16
BRDA:98,5,1,16
BRDA:119,6,0,16
BRDA:119,6,1,1
BRDA:125,7,0,16
BRDA:125,7,1,1
BRDA:165,8,0,16
BRDA:165,8,1,16
BRDA:168,9,0,3
BRDA:168,9,1,13
BRDA:168,10,0,16
BRDA:168,10,1,3
BRDA:185,11,0,16
BRDA:185,11,1,16
BRDA:185,11,2,13
BRDA:188,12,0,2
BRDA:188,12,1,14
BRDA:188,13,0,16
BRDA:188,13,1,3
BRDA:188,13,2,3
BRF:30
BRH:28
end_of_record
