TN:
SF:src/components/layout/CookieBanner.tsx
FN:7,CookieBanner
FN:9,(anonymous_1)
FN:13,(anonymous_2)
FN:18,(anonymous_3)
FN:20,(anonymous_4)
FN:23,(anonymous_5)
FN:29,(anonymous_6)
FNF:7
FNH:6
FNDA:6,CookieBanner
FNDA:4,(anonymous_1)
FNDA:4,(anonymous_2)
FNDA:0,(anonymous_3)
FNDA:4,(anonymous_4)
FNDA:1,(anonymous_5)
FNDA:1,(anonymous_6)
DA:8,6
DA:9,6
DA:10,4
DA:13,6
DA:14,4
DA:15,1
DA:18,4
DA:19,4
DA:20,4
DA:23,6
DA:24,1
DA:25,1
DA:26,1
DA:29,6
DA:30,1
DA:31,1
DA:32,1
DA:35,6
LF:18
LH:18
BRDA:10,0,0,4
BRDA:10,0,1,4
BRDA:14,1,0,1
BRDA:14,1,1,3
BRDA:14,2,0,4
BRDA:14,2,1,4
BRDA:37,3,0,6
BRDA:37,3,1,3
BRF:8
BRH:8
end_of_record
TN:
SF:src/lib/analytics.ts
FN:6,(anonymous_0)
FN:17,(anonymous_1)
FN:24,(anonymous_2)
FN:30,(anonymous_3)
FN:34,(anonymous_4)
FN:38,(anonymous_5)
FN:42,(anonymous_6)
FN:46,(anonymous_7)
FNF:8
FNH:8
FNDA:8,(anonymous_0)
FNDA:1,(anonymous_1)
FNDA:6,(anonymous_2)
FNDA:1,(anonymous_3)
FNDA:1,(anonymous_4)
FNDA:1,(anonymous_5)
FNDA:1,(anonymous_6)
FNDA:1,(anonymous_7)
DA:4,1
DA:6,1
DA:7,8
DA:8,1
DA:9,1
DA:10,1
DA:12,0
DA:17,1
DA:18,1
DA:19,1
DA:20,1
DA:24,1
DA:25,6
DA:26,6
DA:30,1
DA:31,1
DA:34,1
DA:35,1
DA:38,1
DA:39,1
DA:42,1
DA:43,1
DA:46,1
DA:47,1
LF:24
LH:23
BRDA:7,0,0,1
BRDA:7,0,1,7
BRDA:7,1,0,8
BRDA:7,1,1,8
BRDA:18,2,0,1
BRDA:18,2,1,0
BRDA:25,3,0,6
BRDA:25,3,1,0
BRF:8
BRH:6
end_of_record
TN:
SF:src/lib/utils.ts
FN:3,(anonymous_0)
FNF:1
FNH:1
FNDA:6,(anonymous_0)
DA:3,6
LF:1
LH:1
BRF:0
BRH:0
end_of_record
